9
 energy: -15.221666214653 gnorm: 0.032770403350 xtb: 6.5.1 (b24c23e)
O            3.38752200000000        2.13066190000000       -1.42073350000000
H            3.78748760000000        1.71245790000000       -0.65826060000000
H            3.41523780000000        3.06682280000000       -1.22308040000000
O            0.81190210000000        2.18277460000000       -0.66301120000000
H            0.55999520000000        3.10022410000000       -0.76818450000000
H            1.73750320000000        2.15870940000000       -0.90573610000000
O           -0.33631160000000        0.77747750000000       -2.62141400000000
H           -0.38105670000000       -0.10267030000000       -2.24782380000000
H            0.07909090000000        1.30644740000000       -1.94033860000000
9
 energy: -15.225495204398 gnorm: 0.021588941022 xtb: 6.5.1 (b24c23e)
O            3.39007096493854        2.17152566047108       -1.38762448911268
H            3.83451412226902        1.70947909231555       -0.66800970884629
H            3.56703661871669        3.11711682319004       -1.23581438424869
O            0.76642907153911        2.20447077866669       -0.59601560001730
H            0.54936135773515        3.12356159950016       -0.78672235734933
H            1.67767723313222        2.07893896443644       -0.93498389279764
O           -0.33577320903056        0.75345690039818       -2.64522710691297
H           -0.40219089268731       -0.12713333911531       -2.27327673140169
H            0.01424523338715        1.30148882013724       -1.92090842931350
9
 energy: -15.226216416450 gnorm: 0.015823036655 xtb: 6.5.1 (b24c23e)
O            3.42184204325770        2.19123309011109       -1.37024489138524
H            3.86640696126525        1.70459201442984       -0.66664892021944
H            3.61181062004003        3.12688596817742       -1.21930302785060
O            0.77317204843756        2.21510684072186       -0.59497987143039
H            0.52984510463586        3.12430169928728       -0.78364314249748
H            1.67667903143902        2.09751700860912       -0.95891205711054
O           -0.35107757555665        0.73601769489136       -2.65461892363224
H           -0.43031019248921       -0.14854015912520       -2.29326520658803
H           -0.03699754102954        1.28579114289727       -1.90696665928614
9
 energy: -15.227012477548 gnorm: 0.012091021942 xtb: 6.5.1 (b24c23e)
O            3.47288445370070        2.23438509812724       -1.32362902794983
H            3.93191846477593        1.69693944432368       -0.66403875760605
H            3.73685657275972        3.15248664366795       -1.19222638541845
O            0.77807472344891        2.23267918024067       -0.60221221038120
H            0.47431056145536        3.12070173860509       -0.79187466908498
H            1.67104774675469        2.14569013838924       -0.98021734810496
O           -0.46611293023799        0.72504709084461       -2.63446824195181
H           -0.47840828927215       -0.19616454723172       -2.35282630810526
H           -0.05920080338502        1.22114051303316       -1.90708975139752
9
 energy: -15.227275579676 gnorm: 0.010588701262 xtb: 6.5.1 (b24c23e)
O            3.49465639158344        2.25210557653441       -1.30358006030057
H            3.96035716686485        1.70765400692624       -0.66133447660549
H            3.79585807611860        3.16304026528449       -1.18842224409397
O            0.78334785086163        2.22451139007391       -0.61076881251061
H            0.44822409469401        3.10409740970492       -0.79910591817838
H            1.67635394322238        2.16629939676890       -0.97768517988960
O           -0.47980190234901        0.71444101907103       -2.64293035911755
H           -0.51988002164757       -0.20312396799458       -2.36760173608305
H           -0.09774509934816        1.20388020363056       -1.89715391322087
9
 energy: -15.227372234543 gnorm: 0.011313579560 xtb: 6.5.1 (b24c23e)
O            3.52681891030947        2.28054523935342       -1.28484643654459
H            3.99371180326842        1.71871716503516       -0.66345064270985
H            3.83171733454607        3.17449110193803       -1.15852361490393
O            0.78925311861593        2.21601159058682       -0.62252916765121
H            0.43695940363046        3.08784221605076       -0.82656830942176
H            1.68445749077871        2.17191853010869       -0.98664947946668
O           -0.51066856674126        0.71009941795775       -2.64045340747043
H           -0.56381055427386       -0.20939881245518       -2.38127489737151
H           -0.12706844013371        1.18267885142441       -1.88428674446017
9
 energy: -15.227557134552 gnorm: 0.008890512482 xtb: 6.5.1 (b24c23e)
O            3.53961107102021        2.31740284339328       -1.26031683368647
H            4.02199719872066        1.72018600500007       -0.67640027419911
H            3.91371067997061        3.19577281689261       -1.13114293832467
O            0.78157055153357        2.20823401989200       -0.63416916137713
H            0.42097809746016        3.07191861524365       -0.85386607721713
H            1.68183315812098        2.17601155637790       -0.99009703744071
O           -0.53989944795088        0.70363526692572       -2.63737865202800
H           -0.60287666323020       -0.21969773216757       -2.39552112315629
H           -0.15555414564483        1.15944190844213       -1.86969060257064
9
 energy: -15.227646697076 gnorm: 0.008013137712 xtb: 6.5.1 (b24c23e)
O            3.54522480696118        2.32835886141459       -1.25411417023456
H            4.01451493200937        1.73152023505664       -0.67028221665611
H            3.93147696995814        3.20349223689484       -1.13193903189094
O            0.77979813878702        2.19606435356662       -0.64588737719224
H            0.42782561674677        3.05946529646471       -0.86036864102908
H            1.68714537356688        2.16918691280283       -0.98638019115589
O           -0.55724732107213        0.70776100861997       -2.63238394077011
H           -0.61566801554852       -0.21802257625731       -2.39583754572775
H           -0.15170000140840        1.15507897143688       -1.87138958534349
9
 energy: -15.227766714211 gnorm: 0.004424234206 xtb: 6.5.1 (b24c23e)
O            3.55473623745628        2.35785664652346       -1.24391120378772
H            4.01738895836917        1.73047956389569       -0.68157077931591
H            3.95798358852473        3.21862042082899       -1.10192470644674
O            0.78182004825173        2.17927487827421       -0.66508053120378
H            0.42590144696253        3.03815112909699       -0.89160592304639
H            1.70073341695972        2.17086139968553       -0.97714222136417
O           -0.58719004553561        0.70981031319110       -2.62242432585702
H           -0.64532351492255       -0.21720023855952       -2.39021928301243
H           -0.14467963606566        1.14505118706327       -1.87470372596600
9
 energy: -15.227817523209 gnorm: 0.005897595699 xtb: 6.5.1 (b24c23e)
O            3.56714832344123        2.38869094954252       -1.22514279376089
H            4.02684079896584        1.73675697277314       -0.68776867950528
H            3.99939402369375        3.23462113597402       -1.07791776706584
O            0.79018133129443        2.15722612038381       -0.68207113386623
H            0.41273658141034        3.00728235266787       -0.92595478199417
H            1.71991999699689        2.18048453911149       -0.96832260123498
O           -0.62403020206674        0.71170496173475       -2.61405967927782
H           -0.68546027992932       -0.21770488131421       -2.38895494862210
H           -0.14536007380603        1.13384314912628       -1.87839031467289
9
 energy: -15.227855663061 gnorm: 0.004520743713 xtb: 6.5.1 (b24c23e)
O            3.56518606227438        2.39552747227807       -1.21911464538865
H            4.02869778097471        1.73988110226932       -0.68970219684442
H            3.99825791390398        3.23804107228541       -1.07096990008407
O            0.79532442055765        2.14915287594046       -0.69218092058734
H            0.41810000212732        2.99957797351954       -0.92734778596964
H            1.72771536647197        2.17914665639204       -0.96594498838843
O           -0.62781358851872        0.70771114990868       -2.61627831502731
H           -0.69582269606034       -0.21570375403741       -2.37698455739010
H           -0.14827476173055        1.13957075144354       -1.89005939032024
9
 energy: -15.227892347072 gnorm: 0.003489186335 xtb: 6.5.1 (b24c23e)
O            3.56793691075309        2.41014215186884       -1.20522181290888
H            4.03453726612400        1.74551827409097       -0.69018203349031
H            4.01610171606356        3.24665244495685       -1.06213572251541
O            0.80340950702706        2.14162243474531       -0.70270060042962
H            0.42065799827382        2.99044733130457       -0.92893917713716
H            1.73596800136843        2.18112488543692       -0.96751278858584
O           -0.64357214479026        0.70150829427701       -2.61860855741288
H           -0.71915597165792       -0.22013448270897       -2.37249916769663
H           -0.15451278316135        1.13602396602812       -1.90078283982348
9
 energy: -15.227918497178 gnorm: 0.001896418858 xtb: 6.5.1 (b24c23e)
O            3.57329845199597        2.42923640694285       -1.18643386948486
H            4.04048763736158        1.75422522675217       -0.68941803315449
H            4.03725013771799        3.25808012182084       -1.05181958594858
O            0.81587885596424        2.12865407373938       -0.71517127772727
H            0.42107735107779        2.97549672297902       -0.93030393238782
H            1.74873405144139        2.18544010818180       -0.97121077258263
O           -0.66457123978356        0.69418666158558       -2.62263684090459
H           -0.75521922774485       -0.22330504983728       -2.36260598166861
H           -0.15556551803009        1.13089102783524       -1.91898240614141
9
 energy: -15.227901434333 gnorm: 0.008935377676 xtb: 6.5.1 (b24c23e)
O            3.58757162199203        2.47118698035369       -1.15479804022246
H            4.05713851262623        1.76203476937464       -0.69896402892324
H            4.09282140354400        3.28154236424306       -1.02056793728498
O            0.82540674551504        2.10753723709127       -0.74176906328733
H            0.41749939962453        2.95234541653020       -0.93625802436451
H            1.76246091934068        2.19145496237782       -0.97921565486292
O           -0.69586218550462        0.67823296692081       -2.63021261360636
H           -0.82029601072860       -0.22811879290545       -2.34322325870039
H           -0.16536990640875        1.11668939601349       -1.94357407874811
9
 energy: -15.227952172870 gnorm: 0.004407100262 xtb: 6.5.1 (b24c23e)
O            3.58395542337108        2.45929055770379       -1.16159580410155
H            4.05417828621682        1.76109147577223       -0.69679106515333
H            4.07588128391597        3.27515882541441       -1.03045922239015
O            0.82147362780632        2.11319410519393       -0.73502186388694
H            0.42032229603236        2.96236343664391       -0.92439941304081
H            1.75527758611842        2.18759763830931       -0.98216805286059
O           -0.68051731887297        0.67909182865889       -2.63413133129613
H           -0.80842408312298       -0.22505299468594       -2.34100361483477
H           -0.16077660146451        1.12017042698902       -1.94301233243602
9
 energy: -15.227980163713 gnorm: 0.002175369432 xtb: 6.5.1 (b24c23e)
O            3.58342335784292        2.45853503312896       -1.16039431945771
H            4.05686039863683        1.76260069858701       -0.69974844172636
H            4.07027664924225        3.27410658902836       -1.03031629469398
O            0.81787729053699        2.11094248199500       -0.73832700914803
H            0.42117232242957        2.96522831137388       -0.91512084875158
H            1.75275777214123        2.18607430884853       -0.98278736801326
O           -0.67471256722451        0.67634852959286       -2.63973302747694
H           -0.81678108586674       -0.22024479039718       -2.32954949900414
H           -0.14950363773804        1.11931413784211       -1.95260589172829
9
 energy: -15.227999458474 gnorm: 0.004271351640 xtb: 6.5.1 (b24c23e)
O            3.58357537070349        2.46140391013151       -1.15650515318756
H            4.06113346794523        1.76275667222517       -0.70619710982033
H            4.07368019661678        3.27495524605033       -1.02823939411210
O            0.81245745902592        2.10870152206823       -0.74227435380080
H            0.42083309074831        2.97004690519227       -0.90069962244237
H            1.74663428021960        2.18328657150665       -0.98649902357958
O           -0.66312073488583        0.66872641361507       -2.65008801107604
H           -0.83005097960762       -0.21529575947782       -2.31315872179933
H           -0.14377165076539        1.11832381868813       -1.96492131018218
9
 energy: -15.228018489022 gnorm: 0.002464057799 xtb: 6.5.1 (b24c23e)
O            3.58352434248008        2.46482840226352       -1.15359041114595
H            4.06539759496659        1.76031162922051       -0.71544186892468
H            4.07904489596606        3.27530230768875       -1.02355591217046
O            0.80404072784823        2.10777251564184       -0.74749492893435
H            0.42023171165490        2.97594692507013       -0.89037968709818
H            1.73986505395554        2.18045912330391       -0.98620836581099
O           -0.65797662656050        0.66141429061944       -2.65647000062660
H           -0.83547113999128       -0.21073342861878       -2.29954788308486
H           -0.13728606031914        1.11760353481020       -1.97589364220423
9
 energy: -15.228016473165 gnorm: 0.007868980932 xtb: 6.5.1 (b24c23e)
O            3.58503795680176        2.48245653010584       -1.13924043086749
H            4.07310069434807        1.76169827118175       -0.72962985453641
H            4.09705190592565        3.28363818966515       -1.00946437685065
O            0.80078190166220        2.09820645178533       -0.76236859020463
H            0.42128385841912        2.97350131425063       -0.87900284459901
H            1.74030725527794        2.17910293855604       -0.98540521007571
O           -0.65656913763198        0.64607972659927       -2.66876617238293
H           -0.87122981971902       -0.20620915744924       -2.27403193633217
H           -0.12839411508324        1.11443103530473       -2.00067328415132
9
 energy: -15.228040694099 gnorm: 0.002828796012 xtb: 6.5.1 (b24c23e)
O            3.58447233114234        2.47806372678288       -1.14322271382477
H            4.06896046054567        1.76001646687233       -0.72616030713690
H            4.09498768876270        3.28123425068414       -1.01345852484805
O            0.80245203385180        2.10223837928819       -0.75751888404085
H            0.42076025686465        2.97325641225288       -0.88683373679035
H            1.74205938583727        2.18070688897800       -0.98257072862318
O           -0.66030749396099        0.65034500521968       -2.66206600896377
H           -0.85581955574642       -0.20960843521485       -2.28704003902061
H           -0.13619460729652        1.11665260513627       -1.98971175675182
9
 energy: -15.228050891811 gnorm: 0.002016189579 xtb: 6.5.1 (b24c23e)
O            3.58272223944705        2.47711672027693       -1.14300594615604
H            4.06830294672058        1.75867181374318       -0.72940816122440
H            4.09325954064866        3.28009383703010       -1.01454109996409
O            0.80097738841510        2.10410814168041       -0.75650422896702
H            0.42120199100951        2.97654475283595       -0.88202733648539
H            1.74026519421148        2.18046712007901       -0.98187926163021
O           -0.65309433000871        0.64698582748917       -2.66524773950165
H           -0.85730569710520       -0.20846282051329       -2.28431413982527
H           -0.13495877333797        1.11737990737805       -1.99165478624625
9
 energy: -15.228076213841 gnorm: 0.001320141472 xtb: 6.5.1 (b24c23e)
O            3.57726225435166        2.47995752067019       -1.13285997887094
H            4.07106697444002        1.75445980751542       -0.74299061783819
H            4.09673264975758        3.27809873281362       -1.01405813282165
O            0.79933854675500        2.10709531307737       -0.75459120498155
H            0.41862279120927        2.97803700076543       -0.88446314544278
H            1.73852056482043        2.18327782792099       -0.97976079927852
O           -0.64010444731796        0.64173334107849       -2.66924831141829
H           -0.86293096930076       -0.20694200056676       -2.28340779365763
H           -0.13713786471477        1.11718775672477       -1.98720271569073
9
 energy: -15.228114367326 gnorm: 0.006707386231 xtb: 6.5.1 (b24c23e)
O            3.55950734988795        2.49071681845849       -1.10123490359740
H            4.07948313523536        1.73923963723507       -0.79331104250917
H            4.10953630890689        3.27208396730050       -1.01108104436132
O            0.78536271558469        2.11737933659489       -0.74961007530818
H            0.41031156613795        2.98742756068303       -0.89503950646612
H            1.72895894868523        2.18755223347480       -0.95702841053588
O           -0.61241949763304        0.62880704463932       -2.67660090241053
H           -0.87789524240166       -0.20168380965884       -2.27481072789893
H           -0.12147478440290        1.11138251127221       -1.98986608691272
9
 energy: -15.228150199197 gnorm: 0.004465339125 xtb: 6.5.1 (b24c23e)
O            3.55933302738597        2.49115666661959       -1.10258637823964
H            4.07584819881989        1.73624648696576       -0.80420576144585
H            4.11214571601464        3.26944656213805       -1.00999018033653
O            0.77991774630082        2.11994068219916       -0.74810665654832
H            0.40657398348655        2.99037199805603       -0.89553383740050
H            1.72589694697535        2.19053308435414       -0.94468868167138
O           -0.60185814530503        0.62461402478937       -2.67950203341287
H           -0.88170030101804       -0.19874299848738       -2.27242775244122
H           -0.11478667265970        1.10933879336477       -1.99154141850391
9
 energy: -15.228219281033 gnorm: 0.004709475280 xtb: 6.5.1 (b24c23e)
O            3.55100534779990        2.49500257952170       -1.09203200016662
H            4.06759004409228        1.71784382957663       -0.85800833865784
H            4.12707952052562        3.25729175936060       -1.00614416876854
O            0.75798038383325        2.13284946139628       -0.73838484134474
H            0.38764243360018        3.00237395110754       -0.90186771465662
H            1.71019195390219        2.20553720255898       -0.90306172112079
O           -0.56417171536853        0.60877592449022       -2.68775590874961
H           -0.88861141841173       -0.18894468411378       -2.26205968881526
H           -0.08733604997276        1.10217527610127       -1.99926831772014
9
 energy: -15.228276722580 gnorm: 0.003027628899 xtb: 6.5.1 (b24c23e)
O            3.54317845386963        2.49348837180632       -1.08729307693324
H            4.04983828346195        1.69637987329520       -0.90879405133026
H            4.14068938295787        3.24023524849937       -1.00297611511917
O            0.73804576493087        2.14872613522372       -0.72279397863761
H            0.36453696727871        3.01417209698059       -0.90583779079332
H            1.69132437081553        2.22730871845514       -0.87042039407885
O           -0.52825499478521        0.59589023529944       -2.69107284244531
H           -0.87894846162148       -0.18071965882877       -2.25521422165450
H           -0.05903926690752        1.09742427926842       -2.00418022900785
9
 energy: -15.227877900405 gnorm: 0.028906096359 xtb: 6.5.1 (b24c23e)
O            3.52139431709502        2.49386724007176       -1.07224435684921
H            4.01505249152937        1.65292396970053       -1.02213322379477
H            4.16570180682071        3.20647983466308       -0.99565889287210
O            0.69769828344472        2.18078039136302       -0.69201934171418
H            0.32031662078416        3.03866417284496       -0.90903270225177
H            1.65371666377419        2.26934588470586       -0.80515957377144
O           -0.42172775982103        0.55821157981907       -2.71134585727698
H           -0.88580684278212       -0.15461531648880       -2.23447235211640
H           -0.00497508084476        1.08724754331991       -2.00651639935309
9
 energy: -15.228297673677 gnorm: 0.008296911879 xtb: 6.5.1 (b24c23e)
O            3.53271466720506        2.48370540228969       -1.09425433139416
H            4.01952450406745        1.67564925645439       -0.95235613004084
H            4.14331061211539        3.21782852670013       -1.00421588061798
O            0.72153999438803        2.16671671767959       -0.70381844265900
H            0.34195292811399        3.02644391453851       -0.89866159499749
H            1.67239860667459        2.25325670819206       -0.84856165789381
O           -0.46982128615128        0.58109376670571       -2.69789322495601
H           -0.86849484018095       -0.16759443422421       -2.25021617513405
H           -0.03175468623198        1.09580544166355       -1.99860526230666
9
 energy: -15.228169805897 gnorm: 0.017296800541 xtb: 6.5.1 (b24c23e)
O            3.52292110195895        2.49364001786947       -1.07088819167375
H            4.02835421508000        1.67312603807540       -0.96307015793524
H            4.15028734895526        3.21854916515583       -0.99913579019648
O            0.72072733728740        2.16791852173561       -0.71860556906289
H            0.35160995734618        3.03191105593515       -0.90938141451533
H            1.67821741289770        2.24462794428943       -0.84929875147984
O           -0.49895941875465        0.58898402231624       -2.68434540939670
H           -0.85270153110164       -0.18180934674959       -2.25732315930490
H           -0.03908592366888        1.09595788137187       -1.99653425643492
9
 energy: -15.228359123300 gnorm: 0.001723297359 xtb: 6.5.1 (b24c23e)
O            3.52497006517737        2.48800523845191       -1.08463928091234
H            4.01724394900806        1.67329779083450       -0.96073035758383
H            4.14410007981175        3.21635342736270       -1.00121505557303
O            0.72195067319922        2.16839853198565       -0.70812844513571
H            0.34687764465621        3.02981930137677       -0.90204092072121
H            1.67476363321782        2.24888551546648       -0.85225838064456
O           -0.47150716915202        0.58289708115387       -2.69305594041951
H           -0.86413928478595       -0.17122604492197       -2.25251196212598
H           -0.03288909113218        1.09647445828949       -1.99400235688385
9
 energy: -15.228397498797 gnorm: 0.003524230030 xtb: 6.5.1 (b24c23e)
O            3.51451817563871        2.48412854544973       -1.08481441771569
H            3.99643788558776        1.66053558513421       -0.99073850655019
H            4.14538239993432        3.20255288354382       -1.00172557850458
O            0.71190964520586        2.17949509591351       -0.69751180870716
H            0.33657627182995        3.03913843058867       -0.89934488263712
H            1.66468241115447        2.26008042520607       -0.83977956669546
O           -0.43479097219738        0.57426794047747       -2.69549254188092
H           -0.85733447328829       -0.16364362230033       -2.25005819232518
H           -0.01601084386513        1.09635001598625       -1.98911720498366
9
 energy: -15.228412456498 gnorm: 0.014219310156 xtb: 6.5.1 (b24c23e)
O            3.47975736205371        2.47441773067203       -1.08012416718387
H            3.93271961554458        1.62025040240418       -1.08637072468417
H            4.14954705121952        3.15949351590836       -0.99939104063854
O            0.68135410395570        2.21429628704878       -0.66939007642403
H            0.30775485212458        3.06933593714611       -0.89523133903977
H            1.63570944372669        2.29248890624202       -0.80240635157096
O           -0.33549376413024        0.55251637660349       -2.69526974816913
H           -0.82816428525232       -0.14571097543529       -2.24427771520877
H            0.03818612075793        1.09581711940968       -1.97612153708060
9
 energy: -15.228486438092 gnorm: 0.003280206973 xtb: 6.5.1 (b24c23e)
O            3.48854679926346        2.47531313472339       -1.08204329939409
H            3.95210631804439        1.63535160893023       -1.04984492245064
H            4.14377885327597        3.17246646228667       -1.00352092810124
O            0.69283420010633        2.20230247489886       -0.68000315069782
H            0.31996221819738        3.05965820128622       -0.89532750989495
H            1.64728744769217        2.27934543234997       -0.81782268057117
O           -0.37177839959056        0.56328516061214       -2.69202324090567
H           -0.83180119275657       -0.15306128821114       -2.24824090584330
H            0.02043425576762        1.09824411312304       -1.97975606214101
9
 energy: -15.228536143950 gnorm: 0.002678611461 xtb: 6.5.1 (b24c23e)
O            3.47367681099737        2.46939261168469       -1.08173015849374
H            3.92592204092556        1.62167518024060       -1.08163615697300
H            4.14113571043136        3.15494797735582       -1.00463181540277
O            0.68242703568655        2.21520724339501       -0.67130149458279
H            0.31225739804613        3.07196323008252       -0.89304055042089
H            1.63821145410827        2.28903805885571       -0.80591875025770
O           -0.33787969096733        0.55835480783299       -2.68835092265019
H           -0.81349716898991       -0.14853797878248       -2.24867207788874
H            0.03911690976213        1.10086416933450       -1.97330077333001
9
 energy: -15.228455465718 gnorm: 0.022286973587 xtb: 6.5.1 (b24c23e)
O            3.40591603838707        2.44280672842701       -1.08141438420505
H            3.80416917317661        1.56217187692188       -1.22599591194014
H            4.12946568470491        3.07490421730805       -1.01279437705790
O            0.63424866214971        2.27305158805667       -0.62932037596321
H            0.27638471554659        3.12679444439988       -0.88186465752615
H            1.59514068786979        2.33229633575157       -0.74955450829266
O           -0.17620569353770        0.53565222732935       -2.67177771663681
H           -0.74045325550444       -0.12293040614759       -2.25120690332720
H            0.13270448720742        1.10815828795248       -1.94465386505050
9
 energy: -15.228655965735 gnorm: 0.002521462261 xtb: 6.5.1 (b24c23e)
O            3.43177580517351        2.44851203750783       -1.08797917585151
H            3.85197541989226        1.58838265047663       -1.15994686407053
H            4.12442922186771        3.10615162279221       -1.01270277015193
O            0.65482739416334        2.24958268346713       -0.64641270980535
H            0.29499288587771        3.10607893663309       -0.88471886136553
H            1.61389094057174        2.31062236965355       -0.77474897711315
O           -0.24022679628604        0.54821489009621       -2.67557681639353
H           -0.76358953960847       -0.13357569942988       -2.25331288864147
H            0.09329516834828        1.10893580880255       -1.95318363660672
9
 energy: -15.228702544844 gnorm: 0.003769677823 xtb: 6.5.1 (b24c23e)
O            3.41790931731468        2.44308527516858       -1.08979331706101
H            3.82247776885320        1.57734886269029       -1.18563577125247
H            4.12612135583296        3.08801132262069       -1.01948455521466
O            0.64449913670272        2.26113239432990       -0.63653059817459
H            0.28741808465619        3.11716773788213       -0.88024611406208
H            1.60371440287607        2.31935383750153       -0.76315706355170
O           -0.20392839452557        0.54374366886169       -2.67199909752814
H           -0.74509649606852       -0.12913071832983       -2.25764295827248
H            0.10825532435827        1.11219291927435       -1.94409322488253
9
 energy: -15.228460340004 gnorm: 0.028222193961 xtb: 6.5.1 (b24c23e)
O            3.34952171246771        2.41233974538345       -1.10322854065196
H            3.67598045757924        1.51843585523532       -1.32894237633174
H            4.11864757346500        2.99637946803528       -1.03619807583835
O            0.59287644123971        2.32283210608917       -0.58646984798836
H            0.24888759576732        3.17487063411917       -0.86572850827677
H            1.55284364891837        2.36583141668974       -0.70437016336484
O           -0.01845391619994        0.52239712476667       -2.64742514477761
H           -0.65938131987038       -0.10237012607541       -2.27477902895058
H            0.20044830663276        1.12218907575589       -1.90144101381923
9
 energy: -15.228816754927 gnorm: 0.005005657611 xtb: 6.5.1 (b24c23e)
O            3.37999096709531        2.42174927357632       -1.09900396892509
H            3.74767497310990        1.54756046918375       -1.25441739243801
H            4.11643224057433        3.03786049208809       -1.03517430011642
O            0.61691487404799        2.29326430253761       -0.60920681840840
H            0.26663204142108        3.14726668481961       -0.87005336592872
H            1.57626151211044        2.34390616053372       -0.73108505374285
O           -0.11005500667380        0.53660522349322       -2.65741311768008
H           -0.69234923725074       -0.11584147259109       -2.26632272577032
H            0.15986813556538        1.12053416635805       -1.92590595698966
9
 energy: -15.228849009826 gnorm: 0.005473045536 xtb: 6.5.1 (b24c23e)
O            3.37398636694333        2.41549553003474       -1.10410416389189
H            3.73309826534444        1.54017062476642       -1.27363925117432
H            4.10979112452044        3.02671564708710       -1.03297437145284
O            0.60964169443410        2.30221007842800       -0.60534191047905
H            0.26468002016639        3.15714895460506       -0.87044861144038
H            1.57068762375555        2.34809673582069       -0.72111899431837
O           -0.08560669769281        0.53297875961034       -2.65378182744654
H           -0.67817885539316       -0.11436414341909       -2.27029803467721
H            0.16327095792160        1.12445311306604       -1.91687553511891
9
 energy: -15.228947816950 gnorm: 0.009973101511 xtb: 6.5.1 (b24c23e)
O            3.34381542201531        2.39860492705007       -1.11252945569705
H            3.66448217070289        1.51751242991562       -1.33959184697036
H            4.10168927041486        2.98111278488598       -1.04276907006646
O            0.58404752401334        2.33097569078130       -0.58591110321800
H            0.24957219264177        3.18510816499574       -0.86612673594408
H            1.54791054445771        2.36836205451524       -0.68676372095827
O            0.00319668384080        0.52617724711139       -2.63600901172153
H           -0.63769562374887       -0.10231927177828       -2.28549149903137
H            0.20435231566196        1.12737127252221       -1.89339025639228
9
 energy: -15.229020008348 gnorm: 0.015340309482 xtb: 6.5.1 (b24c23e)
O            3.31426835219294        2.38382582879038       -1.12005675371385
H            3.59091043544335        1.49557752152530       -1.39977316951276
H            4.10237327771525        2.93315073178643       -1.05703626723321
O            0.55960822408246        2.35760335270426       -0.56331757793272
H            0.23299963777606        3.21002818170966       -0.85951460038586
H            1.52360611710199        2.38826374245255       -0.65621483034721
O            0.08237455782953        0.52079745269205       -2.61796670133717
H           -0.58319126515040       -0.09525420777051       -2.29771656728763
H            0.23842116300849        1.13891269610912       -1.87698623224888
9
 energy: -15.229179093612 gnorm: 0.009758111862 xtb: 6.5.1 (b24c23e)
O            3.30139307596556        2.37716690793094       -1.11977075474322
H            3.56308945175907        1.49585892331616       -1.40890280659658
H            4.10412174773894        2.91228952263238       -1.07864475129959
O            0.55142996427396        2.36385056716110       -0.55262295880119
H            0.22844520842123        3.21569464683260       -0.85388429862935
H            1.51415076298003        2.39157574255200       -0.64540546154924
O            0.10859868967302        0.52416696351487       -2.60830953875989
H           -0.56053940304995       -0.09219601608713       -2.30732089067056
H            0.25068100223778        1.14449804214635       -1.87372123894964
9
 energy: -15.229363329945 gnorm: 0.006536391410 xtb: 6.5.1 (b24c23e)
O            3.31048842435624        2.37547743897228       -1.08277063024866
H            3.53848104006876        1.50975968121196       -1.44106416068261
H            4.11478253975407        2.90273430171111       -1.08493769809542
O            0.55088182918754        2.36699823438255       -0.55656812670839
H            0.22895114576111        3.21893193922690       -0.85755130419047
H            1.51514290027257        2.39714712030215       -0.63967395429987
O            0.12534856876930        0.51054692867660       -2.59995486447514
H           -0.56236152076453       -0.09339343711710       -2.31514389830107
H            0.23965557259453        1.14470309263275       -1.87091806299766
9
 energy: -15.229514612288 gnorm: 0.011646886887 xtb: 6.5.1 (b24c23e)
O            3.31712396463105        2.38347809498473       -1.05188994346403
H            3.48515736285640        1.53082692659519       -1.48146972420966
H            4.13462761929613        2.88160173741614       -1.08773869888077
O            0.54520077191772        2.37302688463578       -0.56753181921051
H            0.23693701275818        3.23152668228180       -0.86331259761171
H            1.51359633275489        2.39946688834702       -0.61793623858212
O            0.14146446572268        0.50019408188107       -2.59421732336465
H           -0.56082679948200       -0.09539271428880       -2.32645447700429
H            0.24808976954449        1.12817671814624       -1.85803187767158
9
 energy: -15.229653971949 gnorm: 0.008721895427 xtb: 6.5.1 (b24c23e)
O            3.31521062109774        2.39695081868240       -1.05797386543966
H            3.43194089276271        1.54354425849875       -1.48913564028045
H            4.15022817408951        2.85874996067339       -1.09559739644900
O            0.54261346399121        2.37667361782308       -0.57058319758570
H            0.24469094493007        3.24056095624312       -0.86106646681244
H            1.51310562517421        2.40090792347899       -0.59554912162624
O            0.17136683140900        0.48645269164300       -2.58503991828795
H           -0.55807566098702       -0.09172645543911       -2.34516120014511
H            0.25028960753202        1.12079152839554       -1.84847589337281
9
 energy: -15.229777528925 gnorm: 0.013970180760 xtb: 6.5.1 (b24c23e)
O            3.31156359959196        2.40492433799300       -1.03409406736535
H            3.33425875430479        1.56255860041204       -1.51737607691900
H            4.17669217997732        2.81730072969925       -1.12549311731392
O            0.53629487470327        2.38568832451614       -0.56828652027531
H            0.24564916178920        3.25068406067028       -0.86195699518807
H            1.50640873764071        2.41363617954846       -0.56337809722184
O            0.21149188316312        0.47629014503129       -2.57724514094915
H           -0.53761877041098       -0.08692703578732       -2.36314627234801
H            0.27663007923992        1.10874995791601       -1.83760641241877
9
 energy: -15.229917873757 gnorm: 0.008245744707 xtb: 6.5.1 (b24c23e)
O            3.29745464792960        2.39338413986079       -1.04245026442846
H            3.30594592485927        1.55809052825001       -1.51594608723598
H            4.16690975131341        2.79668301173656       -1.14290623909274
O            0.53288982027506        2.39259573281976       -0.55485701642056
H            0.23719469670115        3.25130670721058       -0.86096392827571
H            1.49820508071894        2.42489884201156       -0.55582116996847
O            0.22393872635503        0.48855167562182       -2.57900508506625
H           -0.50957038254290       -0.08195770983190       -2.36063566055587
H            0.30840223438966        1.10935237231999       -1.83599724895537
9
 energy: -15.230194937829 gnorm: 0.007039500427 xtb: 6.5.1 (b24c23e)
O            3.27894604560888        2.37433412448894       -1.04399779395452
H            3.24690177440234        1.56258200108058       -1.55785400641373
H            4.15401134123648        2.75610063533704       -1.15717587666034
O            0.52433367679293        2.40746325563010       -0.54106884960127
H            0.22911833599616        3.26103692873264       -0.86318553785718
H            1.48738187742519        2.44507673507984       -0.52635615979330
O            0.29301731411012        0.47307357396317       -2.55487651073317
H           -0.48387689712340       -0.06473036696189       -2.37808385875960
H            0.33153703155034        1.11796841264872       -1.82598410622639
9
 energy: -15.229812039587 gnorm: 0.039806354163 xtb: 6.5.1 (b24c23e)
O            3.22887146322040        2.32485309832880       -1.04283747518968
H            3.06093504897808        1.57824498162476       -1.67803702051485
H            4.12673413621369        2.63293948044102       -1.19870713171540
O            0.49340234765402        2.44954868686336       -0.51460001099905
H            0.21285996841738        3.29584177639655       -0.87459030242677
H            1.45679768393642        2.49591401649772       -0.42959121044375
O            0.45243839106557        0.45912096280474       -2.50464408197847
H           -0.37682919716393       -0.03942245243668       -2.41116883006435
H            0.40616065767687        1.13586474947880       -1.79440663666738
9
 energy: -15.230638349922 gnorm: 0.013037399323 xtb: 6.5.1 (b24c23e)
O            3.22295934404015        2.31831815604628       -1.07484588638605
H            3.12720306924204        1.55275167196364       -1.64699139225283
H            4.10384332079598        2.65783893911153       -1.18312074436551
O            0.49373139729429        2.44394360534853       -0.51484015570592
H            0.20993259889050        3.28982840572826       -0.87260120694725
H            1.45993354848001        2.48674214736827       -0.44809205168565
O            0.42067888709270        0.48351046592173       -2.51486851849302
H           -0.36883070967518       -0.05005603338983       -2.39403259964189
H            0.39191904383809        1.15002794190074       -1.79919014452152
9
 energy: -15.230878079725 gnorm: 0.013932730897 xtb: 6.5.1 (b24c23e)
O            3.20597006215822        2.32090514658428       -1.07975792249160
H            3.05678821390309        1.54787078131521       -1.62990774136595
H            4.11379083806691        2.62193292656474       -1.22795232747644
O            0.48588389943669        2.45167906439495       -0.49723460977191
H            0.19969866062262        3.29151710044503       -0.86435388281141
H            1.44612922905692        2.49184653098121       -0.44899726141076
O            0.45414581037835        0.50328034357619       -2.51158268697718
H           -0.32909523813428       -0.04355742949296       -2.40691188588304
H            0.42805902450993        1.14743083563051       -1.78188438181139
9
 energy: -15.231445950386 gnorm: 0.011940507622 xtb: 6.5.1 (b24c23e)
O            3.16155580002126        2.27840941421947       -1.09859367989994
H            2.96231207654676        1.53741095349891       -1.68750467000176
H            4.07544511875811        2.54707678777015       -1.25684050170815
O            0.45900228704725        2.47964513416709       -0.47733047996597
H            0.18865269461184        3.31591658837047       -0.86642854779352
H            1.41988484636107        2.50965404616545       -0.40952290047774
O            0.54791571245695        0.52706427677698       -2.48222884753638
H           -0.22513547092974       -0.03727590415277       -2.41550081377276
H            0.47173743512459        1.17500400318343       -1.75463225884356
9
 energy: -15.232096779635 gnorm: 0.028366439202 xtb: 6.5.1 (b24c23e)
O            3.06967287415663        2.18596112728599       -1.13340117577739
H            2.79879466756653        1.51345914470477       -1.79509213063960
H            3.98071761048292        2.41281892087152       -1.32045700243117
O            0.40120079754748        2.53209634938586       -0.44792208536419
H            0.17555127065121        3.36932855624317       -0.86581759976821
H            1.36725045616947        2.52926170722786       -0.33950998531298
O            0.74199564062850        0.57380666963160       -2.41512478185314
H           -0.02783706993696       -0.01285161150170       -2.43628350410350
H            0.55402425273162        1.22902443615009       -1.69497443474980
9
 energy: -15.232500721133 gnorm: 0.022033950615 xtb: 6.5.1 (b24c23e)
O            3.04267107900830        2.16776467703489       -1.15127930209345
H            2.76211049832448        1.50002947173637       -1.80803546876106
H            3.95319097389287        2.37843677449709       -1.32373962210329
O            0.38950034127210        2.53386470536661       -0.45154490925064
H            0.16278784338063        3.37264000116712       -0.85336571924621
H            1.35748938142985        2.53632229849104       -0.34403715233887
O            0.76641551696027        0.60103968386886       -2.41227556659458
H            0.03023626215850       -0.00335828065228       -2.40506764850701
H            0.59696860357027        1.24616596848951       -1.69923731110488
9
 energy: -15.232732740932 gnorm: 0.026213303158 xtb: 6.5.1 (b24c23e)
O            3.00568656147536        2.17028114838780       -1.20011345271354
H            2.66293745108272        1.47341864699652       -1.78066142929175
H            3.95551682952710        2.30809756762117       -1.36788038614708
O            0.38099013736613        2.54536782662897       -0.42121520429179
H            0.13851442482077        3.37442011140553       -0.83177406613459
H            1.34327563957416        2.55572121056607       -0.34708539771142
O            0.83291390114770        0.63589238252115       -2.40102434095805
H            0.13336341177773       -0.00958345320095       -2.41252916809800
H            0.60817214322536        1.27928985907304       -1.68629925465383
9
 energy: -15.232414156075 gnorm: 0.038628419499 xtb: 6.5.1 (b24c23e)
O            3.00361088014149        2.14829440525369       -1.18323366807879
H            2.72157801296034        1.45422850740156       -1.75195211480957
H            3.91581383247733        2.33819741833645       -1.40177104438097
O            0.37816800218252        2.54538453844355       -0.42453007990045
H            0.15182128198068        3.38144854816834       -0.83418074999968
H            1.34575379076403        2.52791181323282       -0.37051940859766
O            0.83099390245563        0.66907711941865       -2.39075250196393
H            0.15330123337242       -0.01729843865273       -2.43199553592690
H            0.56032956366257        1.28566138839693       -1.65964759634209
9
 energy: -15.233147586162 gnorm: 0.015795269485 xtb: 6.5.1 (b24c23e)
O            2.99449069479109        2.13022405375094       -1.15632822824453
H            2.66291326892500        1.46764717594755       -1.78691315602454
H            3.90105644464494        2.31127583673515       -1.42823704157807
O            0.37176490599852        2.55545162590333       -0.42097963497507
H            0.15131985105020        3.38970743330300       -0.84532236201138
H            1.33902455360041        2.54249228970225       -0.33266075345706
O            0.85502605052364        0.67154549107008       -2.38941660219557
H            0.16658518856903       -0.00125833965659       -2.43227043488648
H            0.61918954189408        1.26581973324356       -1.65645448662737
9
 energy: -15.233348653678 gnorm: 0.016897695649 xtb: 6.5.1 (b24c23e)
O            3.00636835533706        2.15496691801999       -1.18063018491007
H            2.65838403254823        1.47380727364641       -1.78268903588556
H            3.92806099231547        2.30765815945138       -1.38466033222918
O            0.38216640291695        2.54897845425445       -0.43022750216466
H            0.15404733725843        3.38987613642676       -0.82239338092580
H            1.34753562011610        2.54393672684374       -0.35291149860536
O            0.84584570235749        0.64750720756991       -2.39267456800036
H            0.16494322741073       -0.01632506000566       -2.41180004739278
H            0.57401882973650        1.28249948379228       -1.69059614988629
9
 energy: -15.233621632796 gnorm: 0.011596666559 xtb: 6.5.1 (b24c23e)
O            2.99263541692589        2.14506589430302       -1.18433423222580
H            2.62998728084413        1.46139075498258       -1.76759744623351
H            3.91416241916571        2.28552714335508       -1.42379509427467
O            0.37574214488632        2.55771046349547       -0.41994433249859
H            0.15240638553978        3.39857351981092       -0.82014529481874
H            1.34261671831409        2.54529937240547       -0.34502804816767
O            0.86603890955802        0.67959542945573       -2.38897032026283
H            0.21813745647692       -0.02848665712434       -2.42527622060396
H            0.56964376828599        1.28822937931536       -1.67349171091432
9
 energy: -15.233763430318 gnorm: 0.011464923901 xtb: 6.5.1 (b24c23e)
O            2.99819609272320        2.14356755375351       -1.16765796796596
H            2.63484102802871        1.46143319212268       -1.74591754203897
H            3.90856162171937        2.29063553328191       -1.45241116366176
O            0.37712150807307        2.55706284064730       -0.41594392849331
H            0.15818624607606        3.40254523530176       -0.81641968274772
H            1.34461773404395        2.53681653698581       -0.34348747453644
O            0.85785173051583        0.68710614621840       -2.39619365679418
H            0.22751458818079       -0.03477734666063       -2.42232828431967
H            0.55447995063584        1.28851560834853       -1.68822299944205
9
 energy: -15.233916579937 gnorm: 0.013153558782 xtb: 6.5.1 (b24c23e)
O            2.97176078062543        2.10924429597428       -1.17306507925660
H            2.56529883020849        1.45156791224879       -1.76094437853023
H            3.86768645234033        2.23047360318526       -1.49540863279323
O            0.36069985093959        2.58010956814149       -0.40062519642959
H            0.15694891355757        3.43418633815762       -0.79589843386690
H            1.32796066359206        2.54054422376792       -0.33394531272513
O            0.91906425917632        0.72386497749527       -2.38040244061746
H            0.34145926243483       -0.04954371221044       -2.41672200690343
H            0.55049148712190        1.31245809323912       -1.69157121887754
9
 energy: -15.234154665043 gnorm: 0.014976661120 xtb: 6.5.1 (b24c23e)
O            3.00171676421702        2.13449892545406       -1.16774082446399
H            2.57067410868836        1.46624067658140       -1.73335067591306
H            3.89636723146048        2.23551357123313       -1.48674738830423
O            0.37326266933347        2.57582333513101       -0.41599032271351
H            0.16452988070433        3.44406889958223       -0.76866743092656
H            1.34015078529729        2.54181590054168       -0.35030045359547
O            0.88609685859106        0.71439465903586       -2.39232284297208
H            0.33110225371393       -0.07726243786093       -2.41558056725133
H            0.49746994799067        1.29781177030085       -1.71788219385984
9
 energy: -15.234119706271 gnorm: 0.019372077856 xtb: 6.5.1 (b24c23e)
O            3.00601279756507        2.13148010147211       -1.16258906351772
H            2.55056683229685        1.46673378406438       -1.71449229377499
H            3.89736227309787        2.21920679120956       -1.51920918612584
O            0.36604372290570        2.57390077613255       -0.42598083957152
H            0.16089742623834        3.45968539323590       -0.73057994134018
H            1.33492687492784        2.54461376520836       -0.34059292008834
O            0.90860554955576        0.69582038319015       -2.39431798151125
H            0.35507084727447       -0.07567127194713       -2.39870198239868
H            0.48188417613463        1.31713557743342       -1.76211849167157
9
 energy: -15.234374575064 gnorm: 0.003521410856 xtb: 6.5.1 (b24c23e)
O            3.00177140186143        2.12326151820388       -1.16849602406293
H            2.55092710407853        1.46215987716985       -1.72051625981488
H            3.88968614787808        2.21082942802890       -1.51548550751811
O            0.36246571167295        2.58179613368834       -0.41670775731882
H            0.15531217421191        3.46380456842548       -0.73197671736377
H            1.32865878710703        2.54483644672297       -0.35103019645065
O            0.90813630192773        0.71302482724528       -2.39450951662114
H            0.37486345376523       -0.08279568062378       -2.39681887458380
H            0.48954941749361        1.31598818113839       -1.75304184626599
9
 energy: -15.234303248974 gnorm: 0.016469875005 xtb: 6.5.1 (b24c23e)
O            3.00352799484781        2.11361669721816       -1.16310449342453
H            2.52780321994108        1.45971925101734       -1.70814148398225
H            3.88431530935260        2.18747711252767       -1.54413260520771
O            0.35512991822383        2.59012131943220       -0.41879488554015
H            0.15538417968364        3.48534349212359       -0.70587575408176
H            1.32136271177547        2.54328622009040       -0.35293591360790
O            0.91625686704839        0.73213293835973       -2.39863034432071
H            0.43254096308480       -0.10797741989097       -2.38786168461892
H            0.46504933603877        1.32918568912121       -1.76910553521616
9
 energy: -15.234459658418 gnorm: 0.006086130761 xtb: 6.5.1 (b24c23e)
O            3.00402028859079        2.11233740706825       -1.16754039379448
H            2.52962361797633        1.46333478339855       -1.71629449464121
H            3.88414784656044        2.18585032498647       -1.53577936322064
O            0.35114793534367        2.59045114040214       -0.42217682090011
H            0.15165099778964        3.48774394601182       -0.70245077608353
H            1.31736404924132        2.54343294095083       -0.35147804181534
O            0.92095661422794        0.72251892581959       -2.39714004366960
H            0.42136241495674       -0.09673928960257       -2.38331598249773
H            0.48109673530953        1.32397512096424       -1.77240678337746
9
 energy: -15.234595986713 gnorm: 0.005625274230 xtb: 6.5.1 (b24c23e)
O            3.01836001843881        2.08443280382772       -1.14134818955746
H            2.51152998812063        1.49730310057816       -1.73255350094938
H            3.88371682718346        2.18524411215610       -1.54125135034938
O            0.35131016233552        2.59201863655526       -0.43004069112588
H            0.15489896884266        3.49011312257469       -0.70471164856124
H            1.31613960774248        2.54245312028466       -0.35146948287778
O            0.90735212044869        0.72970996945592       -2.41334080003254
H            0.43776946609365       -0.10585501144743       -2.36969577166215
H            0.48029334079046        1.31748544601427       -1.76417126488442
9
 energy: -15.234662333330 gnorm: 0.004465930210 xtb: 6.5.1 (b24c23e)
O            3.01872261019083        2.07938326234932       -1.14155181624271
H            2.50607003504060        1.49518860449291       -1.72537708794722
H            3.88086806310970        2.18145600139645       -1.54820322487822
O            0.35146810023191        2.59136152630512       -0.43792580504965
H            0.15839502846017        3.49197465419384       -0.70349526655523
H            1.31451992398425        2.54022639092512       -0.34265248558129
O            0.89832249928009        0.74341536810392       -2.42695977097369
H            0.46195413258397       -0.11011656086375       -2.35665698750933
H            0.47105010711485        1.32001605309641       -1.76576025526288
9
 energy: -15.234727362428 gnorm: 0.006056582789 xtb: 6.5.1 (b24c23e)
O            3.02235526290603        2.06290130522748       -1.13727959899037
H            2.49982514646621        1.49497514577823       -1.72532249477174
H            3.87613864642311        2.18043205676918       -1.55824054419691
O            0.35073841000519        2.58695519469899       -0.44342310031180
H            0.15907742478939        3.48937146329875       -0.70198872393182
H            1.31193894917437        2.53516321676555       -0.33299143433606
O            0.89601447509719        0.75493630640601       -2.43220972388048
H            0.49001669313237       -0.11149932500659       -2.32958123042525
H            0.45526549200251        1.33966993606176       -1.78754584915568
9
 energy: -15.234792460581 gnorm: 0.005717476505 xtb: 6.5.1 (b24c23e)
O            3.02422245969836        2.04361283826721       -1.13433007034900
H            2.48987817253131        1.49094012113105       -1.72587397470886
H            3.86705088341136        2.17933195415583       -1.57194251444092
O            0.34474538977660        2.58606616076736       -0.44445561537183
H            0.16111352104425        3.49083895022930       -0.70122761859559
H            1.30412029837985        2.52400935713677       -0.32646990528403
O            0.89861099884533        0.76634468235500       -2.43751057279204
H            0.52068008775298       -0.10746698166938       -2.30202990259235
H            0.45094868855631        1.35922821762622       -1.80474252586537
9
 energy: -15.234861606510 gnorm: 0.004116319591 xtb: 6.5.1 (b24c23e)
O            3.02337630193505        2.01436117759906       -1.12997881622984
H            2.47371086191435        1.48402042228000       -1.73241526204787
H            3.85006280728227        2.17872993440836       -1.58844612974114
O            0.33654915338322        2.58810959677953       -0.44702430274883
H            0.16620633206594        3.49771649290975       -0.69883480152865
H            1.29354635247261        2.51153025108138       -0.31734482754621
O            0.90343927198534        0.78174582594343       -2.44491709624117
H            0.56566265782897       -0.10057237601417       -2.27002262926292
H            0.44881676112859        1.37726397501202       -1.81959883465327
9
 energy: -15.234880127808 gnorm: 0.004385738560 xtb: 6.5.1 (b24c23e)
O            3.01712034563331        2.00122824099776       -1.13393153363900
H            2.46469543959075        1.47018628290693       -1.73285475373234
H            3.83552062135919        2.17786711325226       -1.59632208685260
O            0.33190375329474        2.59119497437812       -0.44640135807535
H            0.16999267059472        3.50416767572337       -0.69317031273642
H            1.28760465865744        2.50588901658427       -0.31557204449819
O            0.90997719471569        0.78896150396157       -2.44763705410650
H            0.59478443992174       -0.09245472623549       -2.25438520643000
H            0.44977137622877        1.38586521843059       -1.82830834992945
9
 energy: -15.234756423036 gnorm: 0.016005599060 xtb: 6.5.1 (b24c23e)
O            3.01091432589318        1.95919592252949       -1.12621786006640
H            2.44025480095523        1.45252806502632       -1.73580027303263
H            3.80429471664530        2.17945077468674       -1.61666224011819
O            0.32551016649736        2.59652696822908       -0.45070013259536
H            0.18121518345170        3.51737115864232       -0.68138568890770
H            1.27807870366499        2.49425505721204       -0.31004670775667
O            0.90680466838036        0.81603545115808       -2.47274289122916
H            0.67307442891529       -0.08792648296017       -2.20444009572795
H            0.44122350559293        1.40546838547548       -1.85058681056563
9
 energy: -15.234909486401 gnorm: 0.004335174551 xtb: 6.5.1 (b24c23e)
O            3.01800805266885        1.98512335250419       -1.12202363658796
H            2.45946586688583        1.46554063791107       -1.73012022843107
H            3.82356335223253        2.18877894799772       -1.60409061900116
O            0.33415041756961        2.59375516116704       -0.45076328796447
H            0.17601582687901        3.50961931359241       -0.68769660718093
H            1.28951786078306        2.50637123790308       -0.31796512548985
O            0.90585255547601        0.79262426088898       -2.45542104841249
H            0.61126410008009       -0.09368263487294       -2.24724842218049
H            0.44353246742136        1.38477502290785       -1.83325372475140
9
 energy: -15.234908362541 gnorm: 0.004529398689 xtb: 6.5.1 (b24c23e)
O            3.01416589070408        1.99905943481797       -1.13017547521246
H            2.46355086324193        1.46788828721188       -1.73217737036915
H            3.82921799483634        2.18287033507090       -1.59142553981463
O            0.33636299886441        2.59283344359908       -0.44909375129477
H            0.17564484434858        3.50871908258131       -0.68369101901882
H            1.29279259375276        2.50688659217413       -0.32246519558303
O            0.90252866613305        0.78913089477234       -2.45674967898088
H            0.60490652478828       -0.09813367008902       -2.24745515507566
H            0.44220012332691        1.38365089986078       -1.83534951465042
9
 energy: -15.234933415112 gnorm: 0.000921383503 xtb: 6.5.1 (b24c23e)
O            3.01371410830102        1.98686913468640       -1.12364925054680
H            2.46058370255375        1.46134801118858       -1.72970444791424
H            3.81994497542529        2.19138455492350       -1.59861713643583
O            0.33616846188113        2.59463007756750       -0.45147076968646
H            0.17969611491065        3.51291555298366       -0.68017863877850
H            1.29225649144154        2.50434032762533       -0.32370778870960
O            0.90254107154726        0.79183118175268       -2.45990456039361
H            0.61681534025776       -0.09669278913769       -2.24093848615583
H            0.43965023367795        1.38627924840942       -1.84041162137891
9
 energy: -15.234941022202 gnorm: 0.005010560430 xtb: 6.5.1 (b24c23e)
O            3.00957728837166        1.96659340730199       -1.11385445875493
H            2.45489077200022        1.44992970540231       -1.72889652923624
H            3.80097853023704        2.20649565854825       -1.60411565787828
O            0.33778158154033        2.59829973624137       -0.45634529357856
H            0.18884757925397        3.52230259029015       -0.66776067374895
H            1.29386761925620        2.49859164965059       -0.33132003842684
O            0.90065951548240        0.79494468045571       -2.46811016370451
H            0.64124897152992       -0.09593413086552       -2.22379811030982
H            0.43351864232461        1.39168200297453       -1.85438177436156
9
 energy: -15.234953009438 gnorm: 0.002698394714 xtb: 6.5.1 (b24c23e)
O            3.00791081826089        1.96971736979786       -1.11500794105664
H            2.45605964155423        1.45031349197344       -1.72968224845248
H            3.80147269239625        2.20671999222104       -1.59960652003564
O            0.33920521679005        2.59839635864012       -0.45651221682705
H            0.18910917699772        3.52266552058785       -0.66490606867890
H            1.29584681864324        2.49875483980481       -0.33512520960438
O            0.89960889468807        0.79281203152922       -2.46861621469468
H            0.63852355870617       -0.09700760512997       -2.22394318982473
H            0.43363368195973        1.39053330057501       -1.85518309082518
9
 energy: -15.234962658155 gnorm: 0.000888782019 xtb: 6.5.1 (b24c23e)
O            3.00356215624800        1.96776777357162       -1.11430708285161
H            2.45719092868713        1.44558836290774       -1.73039276123083
H            3.79565580498090        2.21328628959207       -1.59392958544591
O            0.34195406496778        2.59956758815988       -0.45947837807709
H            0.19227527991186        3.52672161477447       -0.65456353862744
H            1.29946724220461        2.49645298179914       -0.34431339419524
O            0.89815640399471        0.78981488416081       -2.47127022640806
H            0.64151600099018       -0.09817398792264       -2.21759750010685
H            0.43159261801117        1.39187979295631       -1.86273023305661
9
 energy: -15.234968124576 gnorm: 0.000877426360 xtb: 6.5.1 (b24c23e)
O            2.99980890283054        1.96001637472510       -1.11048730843285
H            2.45749375798555        1.44039745458532       -1.73292068691212
H            3.78668890923122        2.22325183277082       -1.58853223881756
O            0.34523206574004        2.60152583411301       -0.46406233865760
H            0.19543066049999        3.53185267478556       -0.64173380930604
H            1.30347415592867        2.49472010219520       -0.35573972059539
O            0.89627113314331        0.78700948017094       -2.47561196513826
H            0.64659939051017       -0.09878911987011       -2.20861261801221
H            0.43037152412688        1.39292066652357       -1.87088201412756
9
 energy: -15.234971304775 gnorm: 0.002155646622 xtb: 6.5.1 (b24c23e)
O            2.99766367793434        1.94926123237558       -1.10706494224920
H            2.45801156574828        1.43148236661209       -1.73251478915343
H            3.77635267931233        2.23470255280826       -1.58852322751210
O            0.34629967578654        2.60334033386069       -0.47076025494560
H            0.19857106396569        3.53812950787167       -0.62780894447865
H            1.30455029784283        2.49130294597651       -0.36343869548095
O            0.89716340793378        0.78508341290583       -2.47853611140411
H            0.65424864921936       -0.09822306990174       -2.19741525390837
H            0.42850948225322        1.39782601749052       -1.88252048086709
9
 energy: -15.234974508564 gnorm: 0.001853535308 xtb: 6.5.1 (b24c23e)
O            2.99933506460267        1.94725096957668       -1.10621635758144
H            2.45805451695636        1.43160565615283       -1.73240862543389
H            3.77576096102875        2.23559990423038       -1.58946847153182
O            0.34601422311598        2.60364087254807       -0.47215565205422
H            0.19747737572490        3.53808578314210       -0.62640338073244
H            1.30402669399082        2.49209755845728       -0.36354670567319
O            0.89798733888823        0.78460908003845       -2.47845897756323
H            0.65306091076634       -0.09777510246170       -2.19709781077589
H            0.42965341492233        1.39779057831530       -1.88282671865337
9
 energy: -15.234980052406 gnorm: 0.000900698470 xtb: 6.5.1 (b24c23e)
O            3.00469552241574        1.94109644665365       -1.10367808732535
H            2.45807240497295        1.43001806155161       -1.72964141313660
H            3.77184922176771        2.24015409943901       -1.59321820006886
O            0.34458452065532        2.60521496245696       -0.48086341132653
H            0.19567136058122        3.54261314519098       -0.61443981269923
H            1.30154645695556        2.49239524881580       -0.36547726938181
O            0.90159138822154        0.78118619233717       -2.47923688195418
H            0.65035714673808       -0.09813990391386       -2.19350302260639
H            0.43300247768824        1.39836704746808       -1.88852460150047
9
 energy: -15.234984634441 gnorm: 0.001582720604 xtb: 6.5.1 (b24c23e)
O            3.00608556427796        1.93586709102481       -1.10157304002281
H            2.46041880893083        1.42153398395112       -1.72432023314781
H            3.76500918063463        2.24873391735032       -1.59618054103639
O            0.34495081833133        2.60789770441491       -0.48452423077061
H            0.19568545735036        3.54633218093473       -0.60451222399516
H            1.30154715979939        2.49248436806457       -0.37024445787836
O            0.90455575446681        0.77850287301666       -2.48025488320487
H            0.64913994240277       -0.09854807409977       -2.19107711103054
H            0.43397781380230        1.40010125534204       -1.89589597891279
9
 energy: -15.234988503369 gnorm: 0.003230431497 xtb: 6.5.1 (b24c23e)
O            3.00705446431924        1.92476173883212       -1.09554690093858
H            2.46512806143134        1.40471125906178       -1.71634171752960
H            3.74754463793249        2.26937944314877       -1.59949961660194
O            0.34707426499393        2.61441014462068       -0.49637988332031
H            0.19944254722042        3.55907877469711       -0.57776238588570
H            1.30304188365066        2.49172515995220       -0.38135807712656
O            0.91152990619960        0.76976175791105       -2.48130561151716
H            0.64654407256791       -0.10273448508078       -2.18660632608510
H            0.43401066168083        1.40181150685646       -1.91378218099426
9
 energy: -15.234995863335 gnorm: 0.001383220722 xtb: 6.5.1 (b24c23e)
O            3.00697111165407        1.92985717059078       -1.09597210075480
H            2.46731529194110        1.40262291230046       -1.71259226529680
H            3.74677985313297        2.27058154825162       -1.60056099968891
O            0.34783108708568        2.61595549292470       -0.49459438719737
H            0.20065150932567        3.55920692353421       -0.57947767809418
H            1.30386600429621        2.49304455945086       -0.37969850723988
O            0.91382364356972        0.76802141802936       -2.47881305135525
H            0.63940637552236       -0.10536919823747       -2.19483998088938
H            0.43472562346862        1.39898447315488       -1.91203372948265
9
 energy: -15.235001360929 gnorm: 0.002469828269 xtb: 6.5.1 (b24c23e)
O            3.00613765239274        1.92969945660390       -1.09053346758612
H            2.46925361459683        1.39284848699943       -1.70229756820584
H            3.73399963386601        2.28298933433637       -1.60502404911132
O            0.35064401371043        2.62075239352936       -0.49631661945506
H            0.20599018340393        3.56389787622730       -0.57383480203483
H            1.30687983691899        2.49382235687739       -0.38531419381743
O            0.91790813111492        0.76420319713373       -2.47903480846914
H            0.62964065813456       -0.10871240382892       -2.20478671434491
H            0.44091677585801        1.39340460212083       -1.91144047697452
9
 energy: -15.235005374167 gnorm: 0.001563889304 xtb: 6.5.1 (b24c23e)
O            3.00603028402959        1.92862296551626       -1.08819203671484
H            2.46968446227074        1.38976256751378       -1.69905997095749
H            3.72854489790993        2.28761800349770       -1.60606550089775
O            0.35218073413976        2.62156017288506       -0.49904009255201
H            0.20742215302519        3.56582926388762       -0.56838438605097
H            1.30846407769149        2.49430590481729       -0.38913671575729
O            0.92049633742337        0.76146244329284       -2.47807445047928
H            0.62643377264703       -0.11002459708815       -2.20628203991665
H            0.44211378085933        1.39376857567698       -1.91434750667288
9
 energy: -15.235008377170 gnorm: 0.001708262828 xtb: 6.5.1 (b24c23e)
O            3.00505220982052        1.92436573146702       -1.08276029375108
H            2.47110877256645        1.38059506859323       -1.69186356690133
H            3.71363813973653        2.30034527596390       -1.60829777308402
O            0.35563537303897        2.62312355491593       -0.50649091774033
H            0.21176213219724        3.56998789747214       -0.55668362618691
H            1.31243985026294        2.49449033129346       -0.39804082354225
O            0.92547354404644        0.75667618710063       -2.47656056941028
H            0.62069092126406       -0.11157289463625       -2.20853923783945
H            0.44556955706329        1.39489414782932       -1.91934589154343
9
 energy: -15.235010180060 gnorm: 0.000726333592 xtb: 6.5.1 (b24c23e)
O            3.00489004360840        1.92579720899144       -1.08357598433733
H            2.47108155997876        1.38231805228400       -1.69298145051299
H            3.71525925645775        2.29807072221509       -1.60764440199043
O            0.35565985765943        2.62152875755696       -0.50431725589707
H            0.21132742842885        3.56688022569885       -0.56272583115429
H            1.31278836950280        2.49465666485360       -0.39623729526992
O            0.92383402896367        0.75886174624571       -2.47618839582202
H            0.62076528760796       -0.11038875481518       -2.20971803754088
H            0.44576466778881        1.39518067696891       -1.91519404747419
